[debug] [2024-10-12T07:17:38.074Z] ----------------------------------------------------------------------
[debug] [2024-10-12T07:17:38.089Z] Command:       C:\Program Files\nodejs\node.exe C:\Program Files\nodejs\node_modules\firebase-tools\lib\bin\firebase.js init
[debug] [2024-10-12T07:17:38.092Z] CLI Version:   13.22.0
[debug] [2024-10-12T07:17:38.094Z] Platform:      win32
[debug] [2024-10-12T07:17:38.095Z] Node Version:  v18.20.4
[debug] [2024-10-12T07:17:38.100Z] Time:          Sat Oct 12 2024 12:47:38 GMT+0530 (India Standard Time)
[debug] [2024-10-12T07:17:38.102Z] ----------------------------------------------------------------------
[debug] 
[debug] [2024-10-12T07:17:38.266Z] > command requires scopes: ["email","openid","https://www.googleapis.com/auth/cloudplatformprojects.readonly","https://www.googleapis.com/auth/firebase","https://www.googleapis.com/auth/cloud-platform"]
[debug] [2024-10-12T07:17:38.270Z] > authorizing via signed-in user (sujithradhayalan@gmail.com)
[info] 
     ######## #### ########  ######## ########     ###     ######  ########
     ##        ##  ##     ## ##       ##     ##  ##   ##  ##       ##
     ######    ##  ########  ######   ########  #########  ######  ######
     ##        ##  ##    ##  ##       ##     ## ##     ##       ## ##
     ##       #### ##     ## ######## ########  ##     ##  ######  ########

You're about to initialize a Firebase project in this directory:

  C:\Users\SEC\OneDrive\Desktop\Firebase\firebase

[info] 
=== Project Setup
[info] 
[info] First, let's associate this project directory with a Firebase project.
[info] You can create multiple project aliases by running firebase use --add, 
[info] but for now we'll just set up a default project.
[info] 
[debug] [2024-10-12T07:19:40.141Z] Checked if tokens are valid: true, expires at: 1728720695714
[debug] [2024-10-12T07:19:40.143Z] Checked if tokens are valid: true, expires at: 1728720695714
[debug] [2024-10-12T07:19:40.159Z] >>> [apiv2][query] GET https://firebase.googleapis.com/v1beta1/projects pageSize=100
[debug] [2024-10-12T07:19:41.656Z] <<< [apiv2][status] GET https://firebase.googleapis.com/v1beta1/projects 200
[debug] [2024-10-12T07:19:41.657Z] <<< [apiv2][body] GET https://firebase.googleapis.com/v1beta1/projects [omitted]
[info] i  Using project fir-basics-aa69a (FirebaseBasics) 
[info] 
=== Hosting Setup
[debug] [2024-10-12T07:19:47.116Z] Checked if tokens are valid: true, expires at: 1728720695714
[debug] [2024-10-12T07:19:47.119Z] Checked if tokens are valid: true, expires at: 1728720695714
[debug] [2024-10-12T07:19:47.121Z] >>> [apiv2][query] GET https://firebase.googleapis.com/v1beta1/projects/fir-basics-aa69a [none]
[debug] [2024-10-12T07:19:47.687Z] <<< [apiv2][status] GET https://firebase.googleapis.com/v1beta1/projects/fir-basics-aa69a 200
[debug] [2024-10-12T07:19:47.688Z] <<< [apiv2][body] GET https://firebase.googleapis.com/v1beta1/projects/fir-basics-aa69a {"projectId":"fir-basics-aa69a","projectNumber":"836250523169","displayName":"FirebaseBasics","name":"projects/fir-basics-aa69a","resources":{"hostingSite":"fir-basics-aa69a","storageBucket":"fir-basics-aa69a.appspot.com","locationId":"asia-south1"},"state":"ACTIVE","etag":"1_c6f15269-e4dc-4cda-8f6b-ee11a9c9994c"}
[info] 
[info] Your public directory is the folder (relative to your project directory) that
[info] will contain Hosting assets to be uploaded with firebase deploy. If you
[info] have a build process for your assets, use your build's output directory.
[info] 
[info] +  Wrote public/404.html 
[debug] [2024-10-12T07:25:21.047Z] >>> [apiv2][query] GET https://www.gstatic.com/firebasejs/releases.json [none]
[debug] [2024-10-12T07:25:21.394Z] <<< [apiv2][status] GET https://www.gstatic.com/firebasejs/releases.json 200
[debug] [2024-10-12T07:25:21.396Z] <<< [apiv2][body] GET https://www.gstatic.com/firebasejs/releases.json {"current":{"version":"10.14.1","browserURL":"https://www.gstatic.com/firebasejs/10.14.1/firebase.js","packageURL":"https://www.gstatic.com/firebasejs/10.14.1/firebase.tgz"},"live":{"version":"10.14","browserURL":"https://www.gstatic.com/firebasejs/live/10.14/firebase.js","packageURL":"https://www.gstatic.com/firebasejs/live/10.14/firebase.tgz"},"components":{"analytics":"https://www.gstatic.com/firebasejs/10.14.1/firebase-analytics.js","app":"https://www.gstatic.com/firebasejs/10.14.1/firebase-app.js","app-check":"https://www.gstatic.com/firebasejs/10.14.1/firebase-app-check.js","auth":"https://www.gstatic.com/firebasejs/10.14.1/firebase-auth.js","auth/cordova":"https://www.gstatic.com/firebasejs/10.14.1/firebase-auth/cordova.js","auth/web-extension":"https://www.gstatic.com/firebasejs/10.14.1/firebase-auth/web-extension.js","functions":"https://www.gstatic.com/firebasejs/10.14.1/firebase-functions.js","firestore":"https://www.gstatic.com/firebasejs/10.14.1/firebase-firestore.js","firestore/lite":"https://www.gstatic.com/firebasejs/10.14.1/firebase-firestore/lite.js","installations":"https://www.gstatic.com/firebasejs/10.14.1/firebase-installations.js","storage":"https://www.gstatic.com/firebasejs/10.14.1/firebase-storage.js","performance":"https://www.gstatic.com/firebasejs/10.14.1/firebase-performance.js","remote-config":"https://www.gstatic.com/firebasejs/10.14.1/firebase-remote-config.js","messaging":"https://www.gstatic.com/firebasejs/10.14.1/firebase-messaging.js","messaging/sw":"https://www.gstatic.com/firebasejs/10.14.1/firebase-messaging/sw.js","database":"https://www.gstatic.com/firebasejs/10.14.1/firebase-database.js","data-connect":"https://www.gstatic.com/firebasejs/10.14.1/firebase-data-connect.js","vertexai-preview":"https://www.gstatic.com/firebasejs/10.14.1/firebase-vertexai-preview.js","firestore.memory":"https://www.gstatic.com/firebasejs/10.14.1/firebase-firestore.memory.js"}}
[info] i  Skipping write of public/index.html 
[info] 
[info] i  Detected a .git folder at C:\Users\SEC\OneDrive\Desktop\Firebase\firebase 
[info] i  Authorizing with GitHub to upload your service account to a GitHub repository's secrets store. 
[info] 
[info] Visit this URL on this device to log in:
[info] https://github.com/login/oauth/authorize?client_id=89cf50f02ac6aaed3484&state=494843941&redirect_uri=http%3A%2F%2Flocalhost%3A9005&scope=read%3Auser%20repo%20public_repo
[info] 
[info] Waiting for authentication...
[debug] [2024-10-12T07:27:27.602Z] >>> [apiv2][query] POST https://github.com/login/oauth/access_token [none]
[debug] [2024-10-12T07:27:27.603Z] >>> [apiv2][body] POST https://github.com/login/oauth/access_token [stream]
[debug] [2024-10-12T07:27:28.149Z] <<< [apiv2][status] POST https://github.com/login/oauth/access_token 200
[debug] [2024-10-12T07:27:28.150Z] <<< [apiv2][body] POST https://github.com/login/oauth/access_token {"access_token":"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","token_type":"bearer","scope":"read:user,repo"}
[debug] [2024-10-12T07:27:28.164Z] >>> [apiv2][query] GET https://api.github.com/user [none]
[debug] [2024-10-12T07:27:28.670Z] <<< [apiv2][status] GET https://api.github.com/user 200
[debug] [2024-10-12T07:27:28.670Z] <<< [apiv2][body] GET https://api.github.com/user {"login":"Sujithra-dhayalan","id":115523950,"node_id":"U_kgDOBuLBbg","avatar_url":"https://avatars.githubusercontent.com/u/115523950?v=4","gravatar_id":"","url":"https://api.github.com/users/Sujithra-dhayalan","html_url":"https://github.com/Sujithra-dhayalan","followers_url":"https://api.github.com/users/Sujithra-dhayalan/followers","following_url":"https://api.github.com/users/Sujithra-dhayalan/following{/other_user}","gists_url":"https://api.github.com/users/Sujithra-dhayalan/gists{/gist_id}","starred_url":"https://api.github.com/users/Sujithra-dhayalan/starred{/owner}{/repo}","subscriptions_url":"https://api.github.com/users/Sujithra-dhayalan/subscriptions","organizations_url":"https://api.github.com/users/Sujithra-dhayalan/orgs","repos_url":"https://api.github.com/users/Sujithra-dhayalan/repos","events_url":"https://api.github.com/users/Sujithra-dhayalan/events{/privacy}","received_events_url":"https://api.github.com/users/Sujithra-dhayalan/received_events","type":"User","site_admin":false,"name":"Sujithra D","company":null,"blog":"","location":null,"email":"sujithradhayalan@gmail.com","hireable":null,"bio":null,"twitter_username":null,"notification_email":"sujithradhayalan@gmail.com","public_repos":52,"public_gists":0,"followers":2,"following":3,"created_at":"2022-10-11T05:11:18Z","updated_at":"2024-10-08T02:35:15Z","private_gists":0,"total_private_repos":3,"owned_private_repos":3,"disk_usage":16239,"collaborators":0,"two_factor_authentication":false,"plan":{"name":"free","space":976562499,"collaborators":0,"private_repos":10000}}
[info] 
[info] +  Success! Logged into GitHub as Sujithra-dhayalan 
[info] 
